[2026-02-16 23:24:49.793] [jointLog] [info] setting maxHashResizeThreads to 8
[2026-02-16 23:24:49.793] [jointLog] [info] Fragment incompatibility prior below threshold.  Incompatible fragments will be ignored.
[2026-02-16 23:24:49.793] [jointLog] [info] Usage of --validateMappings implies use of minScoreFraction. Since not explicitly specified, it is being set to 0.65
[2026-02-16 23:24:49.793] [jointLog] [info] Setting consensusSlack to selective-alignment default of 0.35.
[2026-02-16 23:24:49.793] [jointLog] [info] parsing read library format
[2026-02-16 23:24:49.793] [jointLog] [info] There is 1 library.
[2026-02-16 23:24:49.793] [jointLog] [info] Loading pufferfish index
[2026-02-16 23:24:49.793] [jointLog] [info] Loading dense pufferfish index.
[2026-02-16 23:24:49.840] [jointLog] [info] done
[2026-02-16 23:24:49.865] [jointLog] [info] Index contained 6,109 targets
[2026-02-16 23:24:49.905] [jointLog] [info] Number of decoys : 17
[2026-02-16 23:24:49.905] [jointLog] [info] First decoy index : 6,092 
[2026-02-16 23:24:49.905] [jointLog] [warning] Fragment GC bias correction is currently *experimental* in single-end libraries.  Please use this option with caution.
[2026-02-16 23:24:50.029] [jointLog] [info] Automatically detected most likely library type as U

[2026-02-16 23:24:56.889] [fileLog] [info] 
At end of round 0
==================
Observed 6309292 total fragments (6309292 in most recent round)

[2026-02-16 23:24:56.889] [jointLog] [info] Computed 6,451 rich equivalence classes for further processing
[2026-02-16 23:24:56.889] [jointLog] [info] Counted 5,808,598 total reads in the equivalence classes 
[2026-02-16 23:24:56.893] [jointLog] [info] Number of mappings discarded because of alignment score : 167,777
[2026-02-16 23:24:56.893] [jointLog] [info] Number of fragments entirely discarded because of alignment score : 51,368
[2026-02-16 23:24:56.893] [jointLog] [info] Number of fragments discarded because they are best-mapped to decoys : 32,762
[2026-02-16 23:24:56.893] [jointLog] [info] Number of fragments discarded because they have only dovetail (discordant) mappings to valid targets : 0
[2026-02-16 23:24:56.893] [jointLog] [info] Mapping rate = 92.0642%

[2026-02-16 23:24:56.893] [jointLog] [info] finished quantifyLibrary()
[2026-02-16 23:24:56.925] [jointLog] [info] Starting optimizer
[2026-02-16 23:24:56.930] [jointLog] [info] Marked 0 weighted equivalence classes as degenerate
[2026-02-16 23:24:56.930] [jointLog] [info] iteration = 0 | max rel diff. = 4215.58
[2026-02-16 23:24:56.936] [jointLog] [info] iteration 11, adjusting effective lengths to account for biases
[2026-02-16 23:24:57.499] [jointLog] [info] Computed expected counts (for bias correction)
[2026-02-16 23:24:57.499] [jointLog] [info] processed bias for 0.0% of the transcripts
[2026-02-16 23:24:57.523] [jointLog] [info] processed bias for 10.0% of the transcripts
[2026-02-16 23:24:57.547] [jointLog] [info] processed bias for 20.0% of the transcripts
[2026-02-16 23:24:57.568] [jointLog] [info] processed bias for 30.0% of the transcripts
[2026-02-16 23:24:57.580] [jointLog] [info] processed bias for 40.0% of the transcripts
[2026-02-16 23:24:57.600] [jointLog] [info] processed bias for 50.0% of the transcripts
[2026-02-16 23:24:57.623] [jointLog] [info] processed bias for 60.0% of the transcripts
[2026-02-16 23:24:57.646] [jointLog] [info] processed bias for 70.0% of the transcripts
[2026-02-16 23:24:57.671] [jointLog] [info] processed bias for 80.0% of the transcripts
[2026-02-16 23:24:57.695] [jointLog] [info] processed bias for 90.0% of the transcripts
[2026-02-16 23:24:57.721] [jointLog] [info] processed bias for 100.0% of the transcripts
[2026-02-16 23:24:57.756] [jointLog] [info] iteration = 100 | max rel diff. = 1.37192
[2026-02-16 23:24:57.756] [jointLog] [info] iteration = 103 | max rel diff. = 0.00103565
[2026-02-16 23:24:57.757] [jointLog] [info] Finished optimizer
[2026-02-16 23:24:57.757] [jointLog] [info] writing output 

