[2026-02-16 23:24:15.906] [jointLog] [info] setting maxHashResizeThreads to 8
[2026-02-16 23:24:15.906] [jointLog] [info] Fragment incompatibility prior below threshold.  Incompatible fragments will be ignored.
[2026-02-16 23:24:15.906] [jointLog] [info] Usage of --validateMappings implies use of minScoreFraction. Since not explicitly specified, it is being set to 0.65
[2026-02-16 23:24:15.906] [jointLog] [info] Setting consensusSlack to selective-alignment default of 0.35.
[2026-02-16 23:24:15.906] [jointLog] [info] parsing read library format
[2026-02-16 23:24:15.906] [jointLog] [info] There is 1 library.
[2026-02-16 23:24:15.907] [jointLog] [info] Loading pufferfish index
[2026-02-16 23:24:15.907] [jointLog] [info] Loading dense pufferfish index.
[2026-02-16 23:24:15.956] [jointLog] [info] done
[2026-02-16 23:24:15.976] [jointLog] [info] Index contained 6,109 targets
[2026-02-16 23:24:16.015] [jointLog] [info] Number of decoys : 17
[2026-02-16 23:24:16.015] [jointLog] [info] First decoy index : 6,092 
[2026-02-16 23:24:16.016] [jointLog] [warning] Fragment GC bias correction is currently *experimental* in single-end libraries.  Please use this option with caution.
[2026-02-16 23:24:16.138] [jointLog] [info] Automatically detected most likely library type as U

[2026-02-16 23:24:23.262] [jointLog] [info] Computed 6,601 rich equivalence classes for further processing
[2026-02-16 23:24:23.262] [jointLog] [info] Counted 5,833,537 total reads in the equivalence classes 
[2026-02-16 23:24:23.268] [jointLog] [info] Number of mappings discarded because of alignment score : 278,790
[2026-02-16 23:24:23.268] [jointLog] [info] Number of fragments entirely discarded because of alignment score : 83,884
[2026-02-16 23:24:23.268] [jointLog] [info] Number of fragments discarded because they are best-mapped to decoys : 57,431
[2026-02-16 23:24:23.268] [jointLog] [info] Number of fragments discarded because they have only dovetail (discordant) mappings to valid targets : 0
[2026-02-16 23:24:23.268] [jointLog] [info] Mapping rate = 84.5722%

[2026-02-16 23:24:23.268] [jointLog] [info] finished quantifyLibrary()
[2026-02-16 23:24:23.281] [jointLog] [info] Starting optimizer
[2026-02-16 23:24:23.285] [jointLog] [info] Marked 0 weighted equivalence classes as degenerate
[2026-02-16 23:24:23.286] [jointLog] [info] iteration = 0 | max rel diff. = 3859.55
[2026-02-16 23:24:23.290] [jointLog] [info] iteration 11, adjusting effective lengths to account for biases
[2026-02-16 23:24:23.263] [fileLog] [info] 
At end of round 0
==================
Observed 6897699 total fragments (6897699 in most recent round)

[2026-02-16 23:24:23.857] [jointLog] [info] Computed expected counts (for bias correction)
[2026-02-16 23:24:23.857] [jointLog] [info] processed bias for 0.0% of the transcripts
[2026-02-16 23:24:23.882] [jointLog] [info] processed bias for 10.0% of the transcripts
[2026-02-16 23:24:23.906] [jointLog] [info] processed bias for 20.0% of the transcripts
[2026-02-16 23:24:23.928] [jointLog] [info] processed bias for 30.0% of the transcripts
[2026-02-16 23:24:23.953] [jointLog] [info] processed bias for 40.0% of the transcripts
[2026-02-16 23:24:23.977] [jointLog] [info] processed bias for 50.0% of the transcripts
[2026-02-16 23:24:24.001] [jointLog] [info] processed bias for 60.0% of the transcripts
[2026-02-16 23:24:24.023] [jointLog] [info] processed bias for 70.0% of the transcripts
[2026-02-16 23:24:24.041] [jointLog] [info] processed bias for 80.0% of the transcripts
[2026-02-16 23:24:24.056] [jointLog] [info] processed bias for 90.0% of the transcripts
[2026-02-16 23:24:24.078] [jointLog] [info] processed bias for 100.0% of the transcripts
[2026-02-16 23:24:24.117] [jointLog] [info] iteration = 100 | max rel diff. = 0.634823
[2026-02-16 23:24:24.138] [jointLog] [info] iteration = 149 | max rel diff. = 0.00730062
[2026-02-16 23:24:24.138] [jointLog] [info] Finished optimizer
[2026-02-16 23:24:24.138] [jointLog] [info] writing output 

