[2026-02-16 23:26:15.055] [jointLog] [info] setting maxHashResizeThreads to 8
[2026-02-16 23:26:15.055] [jointLog] [info] Fragment incompatibility prior below threshold.  Incompatible fragments will be ignored.
[2026-02-16 23:26:15.055] [jointLog] [info] Usage of --validateMappings implies use of minScoreFraction. Since not explicitly specified, it is being set to 0.65
[2026-02-16 23:26:15.055] [jointLog] [info] Setting consensusSlack to selective-alignment default of 0.35.
[2026-02-16 23:26:15.055] [jointLog] [info] parsing read library format
[2026-02-16 23:26:15.055] [jointLog] [info] There is 1 library.
[2026-02-16 23:26:15.055] [jointLog] [info] Loading pufferfish index
[2026-02-16 23:26:15.055] [jointLog] [info] Loading dense pufferfish index.
[2026-02-16 23:26:15.095] [jointLog] [info] done
[2026-02-16 23:26:15.113] [jointLog] [info] Index contained 6,109 targets
[2026-02-16 23:26:15.150] [jointLog] [info] Number of decoys : 17
[2026-02-16 23:26:15.150] [jointLog] [info] First decoy index : 6,092 
[2026-02-16 23:26:15.151] [jointLog] [warning] Fragment GC bias correction is currently *experimental* in single-end libraries.  Please use this option with caution.
[2026-02-16 23:26:15.268] [jointLog] [info] Automatically detected most likely library type as U

[2026-02-16 23:26:24.351] [jointLog] [info] Computed 6,539 rich equivalence classes for further processing
[2026-02-16 23:26:24.351] [jointLog] [info] Counted 7,491,225 total reads in the equivalence classes 
[2026-02-16 23:26:24.357] [jointLog] [info] Number of mappings discarded because of alignment score : 531,463
[2026-02-16 23:26:24.357] [jointLog] [info] Number of fragments entirely discarded because of alignment score : 159,409
[2026-02-16 23:26:24.357] [jointLog] [info] Number of fragments discarded because they are best-mapped to decoys : 109,767
[2026-02-16 23:26:24.357] [jointLog] [info] Number of fragments discarded because they have only dovetail (discordant) mappings to valid targets : 0
[2026-02-16 23:26:24.357] [jointLog] [info] Mapping rate = 82.9515%

[2026-02-16 23:26:24.357] [jointLog] [info] finished quantifyLibrary()
[2026-02-16 23:26:24.358] [jointLog] [info] Starting optimizer
[2026-02-16 23:26:24.362] [jointLog] [info] Marked 0 weighted equivalence classes as degenerate
[2026-02-16 23:26:24.363] [jointLog] [info] iteration = 0 | max rel diff. = 8175.02
[2026-02-16 23:26:24.368] [jointLog] [info] iteration 11, adjusting effective lengths to account for biases
[2026-02-16 23:26:24.352] [fileLog] [info] 
At end of round 0
==================
Observed 9030851 total fragments (9030851 in most recent round)

[2026-02-16 23:26:24.945] [jointLog] [info] Computed expected counts (for bias correction)
[2026-02-16 23:26:24.945] [jointLog] [info] processed bias for 0.0% of the transcripts
[2026-02-16 23:26:24.970] [jointLog] [info] processed bias for 10.0% of the transcripts
[2026-02-16 23:26:24.993] [jointLog] [info] processed bias for 20.0% of the transcripts
[2026-02-16 23:26:25.014] [jointLog] [info] processed bias for 30.0% of the transcripts
[2026-02-16 23:26:25.026] [jointLog] [info] processed bias for 40.0% of the transcripts
[2026-02-16 23:26:25.047] [jointLog] [info] processed bias for 50.0% of the transcripts
[2026-02-16 23:26:25.070] [jointLog] [info] processed bias for 60.0% of the transcripts
[2026-02-16 23:26:25.092] [jointLog] [info] processed bias for 70.0% of the transcripts
[2026-02-16 23:26:25.116] [jointLog] [info] processed bias for 80.0% of the transcripts
[2026-02-16 23:26:25.140] [jointLog] [info] processed bias for 90.0% of the transcripts
[2026-02-16 23:26:25.165] [jointLog] [info] processed bias for 100.0% of the transcripts
[2026-02-16 23:26:25.205] [jointLog] [info] iteration = 100 | max rel diff. = 0.227365
[2026-02-16 23:26:25.248] [jointLog] [info] iteration = 200 | max rel diff. = 0.0348265
[2026-02-16 23:26:25.262] [jointLog] [info] iteration = 232 | max rel diff. = 0.000171352
[2026-02-16 23:26:25.262] [jointLog] [info] Finished optimizer
[2026-02-16 23:26:25.262] [jointLog] [info] writing output 

