[2026-02-16 23:25:22.305] [jointLog] [info] setting maxHashResizeThreads to 8
[2026-02-16 23:25:22.305] [jointLog] [info] Fragment incompatibility prior below threshold.  Incompatible fragments will be ignored.
[2026-02-16 23:25:22.305] [jointLog] [info] Usage of --validateMappings implies use of minScoreFraction. Since not explicitly specified, it is being set to 0.65
[2026-02-16 23:25:22.305] [jointLog] [info] Setting consensusSlack to selective-alignment default of 0.35.
[2026-02-16 23:25:22.305] [jointLog] [info] parsing read library format
[2026-02-16 23:25:22.305] [jointLog] [info] There is 1 library.
[2026-02-16 23:25:22.305] [jointLog] [info] Loading pufferfish index
[2026-02-16 23:25:22.306] [jointLog] [info] Loading dense pufferfish index.
[2026-02-16 23:25:22.348] [jointLog] [info] done
[2026-02-16 23:25:22.366] [jointLog] [info] Index contained 6,109 targets
[2026-02-16 23:25:22.404] [jointLog] [info] Number of decoys : 17
[2026-02-16 23:25:22.404] [jointLog] [info] First decoy index : 6,092 
[2026-02-16 23:25:22.404] [jointLog] [warning] Fragment GC bias correction is currently *experimental* in single-end libraries.  Please use this option with caution.
[2026-02-16 23:25:22.530] [jointLog] [info] Automatically detected most likely library type as U

[2026-02-16 23:25:27.877] [fileLog] [info] 
At end of round 0
==================
Observed 5980833 total fragments (5980833 in most recent round)

[2026-02-16 23:25:27.876] [jointLog] [info] Computed 6,564 rich equivalence classes for further processing
[2026-02-16 23:25:27.876] [jointLog] [info] Counted 4,410,786 total reads in the equivalence classes 
[2026-02-16 23:25:27.881] [jointLog] [info] Number of mappings discarded because of alignment score : 225,008
[2026-02-16 23:25:27.881] [jointLog] [info] Number of fragments entirely discarded because of alignment score : 95,574
[2026-02-16 23:25:27.881] [jointLog] [info] Number of fragments discarded because they are best-mapped to decoys : 71,315
[2026-02-16 23:25:27.881] [jointLog] [info] Number of fragments discarded because they have only dovetail (discordant) mappings to valid targets : 0
[2026-02-16 23:25:27.882] [jointLog] [warning] Only 4410786 fragments were mapped, but the number of burn-in fragments was set to 5000000.
The effective lengths have been computed using the observed mappings.

[2026-02-16 23:25:27.882] [jointLog] [info] Mapping rate = 73.7487%

[2026-02-16 23:25:27.882] [jointLog] [info] finished quantifyLibrary()
[2026-02-16 23:25:28.125] [jointLog] [info] Starting optimizer
[2026-02-16 23:25:28.128] [jointLog] [info] Marked 0 weighted equivalence classes as degenerate
[2026-02-16 23:25:28.129] [jointLog] [info] iteration = 0 | max rel diff. = 44903.7
[2026-02-16 23:25:28.133] [jointLog] [info] iteration 11, adjusting effective lengths to account for biases
[2026-02-16 23:25:28.708] [jointLog] [info] Computed expected counts (for bias correction)
[2026-02-16 23:25:28.708] [jointLog] [info] processed bias for 0.0% of the transcripts
[2026-02-16 23:25:28.732] [jointLog] [info] processed bias for 10.0% of the transcripts
[2026-02-16 23:25:28.756] [jointLog] [info] processed bias for 20.0% of the transcripts
[2026-02-16 23:25:28.777] [jointLog] [info] processed bias for 30.1% of the transcripts
[2026-02-16 23:25:28.790] [jointLog] [info] processed bias for 40.0% of the transcripts
[2026-02-16 23:25:28.809] [jointLog] [info] processed bias for 50.0% of the transcripts
[2026-02-16 23:25:28.832] [jointLog] [info] processed bias for 60.0% of the transcripts
[2026-02-16 23:25:28.855] [jointLog] [info] processed bias for 70.0% of the transcripts
[2026-02-16 23:25:28.879] [jointLog] [info] processed bias for 80.0% of the transcripts
[2026-02-16 23:25:28.902] [jointLog] [info] processed bias for 90.0% of the transcripts
[2026-02-16 23:25:28.927] [jointLog] [info] processed bias for 100.0% of the transcripts
[2026-02-16 23:25:28.968] [jointLog] [info] iteration = 100 | max rel diff. = 0.0690773
[2026-02-16 23:25:28.997] [jointLog] [info] iteration = 167 | max rel diff. = 0.0055655
[2026-02-16 23:25:28.997] [jointLog] [info] Finished optimizer
[2026-02-16 23:25:28.997] [jointLog] [info] writing output 

