[2026-02-16 23:25:38.253] [jointLog] [info] setting maxHashResizeThreads to 8
[2026-02-16 23:25:38.253] [jointLog] [info] Fragment incompatibility prior below threshold.  Incompatible fragments will be ignored.
[2026-02-16 23:25:38.253] [jointLog] [info] Usage of --validateMappings implies use of minScoreFraction. Since not explicitly specified, it is being set to 0.65
[2026-02-16 23:25:38.253] [jointLog] [info] Setting consensusSlack to selective-alignment default of 0.35.
[2026-02-16 23:25:38.253] [jointLog] [info] parsing read library format
[2026-02-16 23:25:38.253] [jointLog] [info] There is 1 library.
[2026-02-16 23:25:38.254] [jointLog] [info] Loading pufferfish index
[2026-02-16 23:25:38.254] [jointLog] [info] Loading dense pufferfish index.
[2026-02-16 23:25:38.296] [jointLog] [info] done
[2026-02-16 23:25:38.315] [jointLog] [info] Index contained 6,109 targets
[2026-02-16 23:25:38.353] [jointLog] [info] Number of decoys : 17
[2026-02-16 23:25:38.353] [jointLog] [info] First decoy index : 6,092 
[2026-02-16 23:25:38.353] [jointLog] [warning] Fragment GC bias correction is currently *experimental* in single-end libraries.  Please use this option with caution.
[2026-02-16 23:25:38.456] [jointLog] [info] Automatically detected most likely library type as U

[2026-02-16 23:25:47.369] [fileLog] [info] 
At end of round 0
==================
Observed 8765210 total fragments (8765210 in most recent round)

[2026-02-16 23:25:47.368] [jointLog] [info] Computed 6,461 rich equivalence classes for further processing
[2026-02-16 23:25:47.368] [jointLog] [info] Counted 7,298,182 total reads in the equivalence classes 
[2026-02-16 23:25:47.374] [jointLog] [info] Number of mappings discarded because of alignment score : 545,340
[2026-02-16 23:25:47.374] [jointLog] [info] Number of fragments entirely discarded because of alignment score : 161,313
[2026-02-16 23:25:47.374] [jointLog] [info] Number of fragments discarded because they are best-mapped to decoys : 91,842
[2026-02-16 23:25:47.374] [jointLog] [info] Number of fragments discarded because they have only dovetail (discordant) mappings to valid targets : 0
[2026-02-16 23:25:47.374] [jointLog] [info] Mapping rate = 83.2631%

[2026-02-16 23:25:47.374] [jointLog] [info] finished quantifyLibrary()
[2026-02-16 23:25:47.399] [jointLog] [info] Starting optimizer
[2026-02-16 23:25:47.403] [jointLog] [info] Marked 0 weighted equivalence classes as degenerate
[2026-02-16 23:25:47.404] [jointLog] [info] iteration = 0 | max rel diff. = 31807.6
[2026-02-16 23:25:47.424] [jointLog] [info] iteration 11, adjusting effective lengths to account for biases
[2026-02-16 23:25:47.988] [jointLog] [info] Computed expected counts (for bias correction)
[2026-02-16 23:25:47.988] [jointLog] [info] processed bias for 0.0% of the transcripts
[2026-02-16 23:25:48.013] [jointLog] [info] processed bias for 10.0% of the transcripts
[2026-02-16 23:25:48.036] [jointLog] [info] processed bias for 20.0% of the transcripts
[2026-02-16 23:25:48.049] [jointLog] [info] processed bias for 30.0% of the transcripts
[2026-02-16 23:25:48.063] [jointLog] [info] processed bias for 40.0% of the transcripts
[2026-02-16 23:25:48.088] [jointLog] [info] processed bias for 50.0% of the transcripts
[2026-02-16 23:25:48.110] [jointLog] [info] processed bias for 60.0% of the transcripts
[2026-02-16 23:25:48.134] [jointLog] [info] processed bias for 70.0% of the transcripts
[2026-02-16 23:25:48.157] [jointLog] [info] processed bias for 80.0% of the transcripts
[2026-02-16 23:25:48.180] [jointLog] [info] processed bias for 90.0% of the transcripts
[2026-02-16 23:25:48.205] [jointLog] [info] processed bias for 100.0% of the transcripts
[2026-02-16 23:25:48.238] [jointLog] [info] iteration = 100 | max rel diff. = 0.0185856
[2026-02-16 23:25:48.275] [jointLog] [info] iteration = 200 | max rel diff. = 0.0115927
[2026-02-16 23:25:48.281] [jointLog] [info] iteration = 217 | max rel diff. = 0.0099888
[2026-02-16 23:25:48.281] [jointLog] [info] Finished optimizer
[2026-02-16 23:25:48.281] [jointLog] [info] writing output 

